State 0:
          input ::= * T_INTEGER
          input ::= * K_ALIAS
          input ::= * K_AND
          input ::= * K_BEGIN
          input ::= * K_BREAK
          input ::= * K_CASE
          input ::= * K_CLASS
          input ::= * K_DEF
          input ::= * K_DEFINED
          input ::= * K_DO
          input ::= * K_ELSE
          input ::= * K_ELSIF
          input ::= * K_END
          input ::= * K_ENSURE
          input ::= * K_FALSE
          input ::= * K_FOR
          input ::= * K_IF
          input ::= * K_IF_MOD
          input ::= * K_IN
          input ::= * K_LBEGIN
          input ::= * K_LEND
          input ::= * K_MODULE
          input ::= * K_NEXT
          input ::= * K_NIL
          input ::= * K_NOT
          input ::= * K_OR
          input ::= * K_REDO
          input ::= * K_RESCUE
          input ::= * K_RESCUE_MOD
          input ::= * K_RETRY
          input ::= * K_RETURN
          input ::= * K_SELF
          input ::= * K_SUPER
          input ::= * K_THEN
          input ::= * K_TRUE
          input ::= * K_UNDEF
          input ::= * K_UNLESS
          input ::= * K_UNLESS_MOD
          input ::= * K_UNTIL
          input ::= * K_UNTIL_MOD
          input ::= * K_WHEN
          input ::= * K_WHILE
          input ::= * K_WHILE_MOD
          input ::= * K_YIELD
          input ::= * K__ENCODING__
          input ::= * K__FILE__
          input ::= * K__LINE__
          input ::= * T_AMPER
          input ::= * T_AMPER2
          input ::= * T_ANDDOT
          input ::= * T_ANDOP
          input ::= * T_AREF
          input ::= * T_ASET
          input ::= * T_ASSOC
          input ::= * T_BACK_REF2
          input ::= * T_BANG
          input ::= * T_CARET
          input ::= * T_CMP
          input ::= * T_COLON
          input ::= * T_COLON2
          input ::= * T_COLON3
          input ::= * T_COMMA
          input ::= * T_DIVIDE
          input ::= * T_DOT
          input ::= * T_DOT2
          input ::= * T_DOT3
          input ::= * T_DSTAR
          input ::= * T_EH
          input ::= * T_EQ
          input ::= * T_EQL
          input ::= * T_EQQ
          input ::= * T_GEQ
          input ::= * T_GT
          input ::= * T_LAMBDA
          input ::= * T_LBRACE
          input ::= * T_LBRACE_ARG
          input ::= * T_LBRACK
          input ::= * T_LBRACK2
          input ::= * T_LCURLY
          input ::= * T_LEQ
          input ::= * T_LPAREN
          input ::= * T_LPAREN2
          input ::= * T_LPAREN_ARG
          input ::= * T_LSHFT
          input ::= * T_LT
          input ::= * T_MATCH
          input ::= * T_MINUS
          input ::= * T_NEQ
          input ::= * T_NMATCH
          input ::= * T_OROP
          input ::= * T_PERCENT
          input ::= * T_PIPE
          input ::= * T_PLUS
          input ::= * T_POW
          input ::= * T_RBRACK
          input ::= * T_RCURLY
          input ::= * T_RPAREN
          input ::= * T_RSHFT
          input ::= * T_SEMI
          input ::= * T_STAR
          input ::= * T_STAR2
          input ::= * T_TILDE
          input ::= * T_UMINUS
          input ::= * T_UPLUS

                     T_INTEGER shift  104
                       K_ALIAS shift  103
                         K_AND shift  102
                       K_BEGIN shift  101
                       K_BREAK shift  100
                        K_CASE shift  99
                       K_CLASS shift  98
                         K_DEF shift  97
                     K_DEFINED shift  96
                          K_DO shift  95
                        K_ELSE shift  94
                       K_ELSIF shift  93
                         K_END shift  92
                      K_ENSURE shift  91
                       K_FALSE shift  90
                         K_FOR shift  89
                          K_IF shift  88
                      K_IF_MOD shift  87
                          K_IN shift  86
                      K_LBEGIN shift  85
                        K_LEND shift  84
                      K_MODULE shift  83
                        K_NEXT shift  82
                         K_NIL shift  81
                         K_NOT shift  80
                          K_OR shift  79
                        K_REDO shift  78
                      K_RESCUE shift  77
                  K_RESCUE_MOD shift  76
                       K_RETRY shift  75
                      K_RETURN shift  74
                        K_SELF shift  73
                       K_SUPER shift  72
                        K_THEN shift  71
                        K_TRUE shift  70
                       K_UNDEF shift  69
                      K_UNLESS shift  68
                  K_UNLESS_MOD shift  67
                       K_UNTIL shift  66
                   K_UNTIL_MOD shift  65
                        K_WHEN shift  64
                       K_WHILE shift  63
                   K_WHILE_MOD shift  62
                       K_YIELD shift  61
                 K__ENCODING__ shift  60
                     K__FILE__ shift  59
                     K__LINE__ shift  58
                       T_AMPER shift  57
                      T_AMPER2 shift  56
                      T_ANDDOT shift  55
                       T_ANDOP shift  54
                        T_AREF shift  53
                        T_ASET shift  52
                       T_ASSOC shift  51
                   T_BACK_REF2 shift  50
                        T_BANG shift  49
                       T_CARET shift  48
                         T_CMP shift  47
                       T_COLON shift  46
                      T_COLON2 shift  45
                      T_COLON3 shift  44
                       T_COMMA shift  43
                      T_DIVIDE shift  42
                         T_DOT shift  41
                        T_DOT2 shift  40
                        T_DOT3 shift  39
                       T_DSTAR shift  38
                          T_EH shift  37
                          T_EQ shift  36
                         T_EQL shift  35
                         T_EQQ shift  34
                         T_GEQ shift  33
                          T_GT shift  32
                      T_LAMBDA shift  31
                      T_LBRACE shift  30
                  T_LBRACE_ARG shift  29
                      T_LBRACK shift  28
                     T_LBRACK2 shift  27
                      T_LCURLY shift  26
                         T_LEQ shift  25
                      T_LPAREN shift  24
                     T_LPAREN2 shift  23
                  T_LPAREN_ARG shift  22
                       T_LSHFT shift  21
                          T_LT shift  20
                       T_MATCH shift  19
                       T_MINUS shift  18
                         T_NEQ shift  17
                      T_NMATCH shift  16
                        T_OROP shift  15
                     T_PERCENT shift  14
                        T_PIPE shift  13
                        T_PLUS shift  12
                         T_POW shift  11
                      T_RBRACK shift  10
                      T_RCURLY shift  9
                      T_RPAREN shift  8
                       T_RSHFT shift  7
                        T_SEMI shift  6
                        T_STAR shift  5
                       T_STAR2 shift  4
                       T_TILDE shift  3
                      T_UMINUS shift  2
                       T_UPLUS shift  1
                         input accept

State 1:
    (103) input ::= T_UPLUS *

                             $ reduce 103

State 2:
    (102) input ::= T_UMINUS *

                             $ reduce 102

State 3:
    (101) input ::= T_TILDE *

                             $ reduce 101

State 4:
    (100) input ::= T_STAR2 *

                             $ reduce 100

State 5:
     (99) input ::= T_STAR *

                             $ reduce 99

State 6:
     (98) input ::= T_SEMI *

                             $ reduce 98

State 7:
     (97) input ::= T_RSHFT *

                             $ reduce 97

State 8:
     (96) input ::= T_RPAREN *

                             $ reduce 96

State 9:
     (95) input ::= T_RCURLY *

                             $ reduce 95

State 10:
     (94) input ::= T_RBRACK *

                             $ reduce 94

State 11:
     (93) input ::= T_POW *

                             $ reduce 93

State 12:
     (92) input ::= T_PLUS *

                             $ reduce 92

State 13:
     (91) input ::= T_PIPE *

                             $ reduce 91

State 14:
     (90) input ::= T_PERCENT *

                             $ reduce 90

State 15:
     (89) input ::= T_OROP *

                             $ reduce 89

State 16:
     (88) input ::= T_NMATCH *

                             $ reduce 88

State 17:
     (87) input ::= T_NEQ *

                             $ reduce 87

State 18:
     (86) input ::= T_MINUS *

                             $ reduce 86

State 19:
     (85) input ::= T_MATCH *

                             $ reduce 85

State 20:
     (84) input ::= T_LT *

                             $ reduce 84

State 21:
     (83) input ::= T_LSHFT *

                             $ reduce 83

State 22:
     (82) input ::= T_LPAREN_ARG *

                             $ reduce 82

State 23:
     (81) input ::= T_LPAREN2 *

                             $ reduce 81

State 24:
     (80) input ::= T_LPAREN *

                             $ reduce 80

State 25:
     (79) input ::= T_LEQ *

                             $ reduce 79

State 26:
     (78) input ::= T_LCURLY *

                             $ reduce 78

State 27:
     (77) input ::= T_LBRACK2 *

                             $ reduce 77

State 28:
     (76) input ::= T_LBRACK *

                             $ reduce 76

State 29:
     (75) input ::= T_LBRACE_ARG *

                             $ reduce 75

State 30:
     (74) input ::= T_LBRACE *

                             $ reduce 74

State 31:
     (73) input ::= T_LAMBDA *

                             $ reduce 73

State 32:
     (72) input ::= T_GT *

                             $ reduce 72

State 33:
     (71) input ::= T_GEQ *

                             $ reduce 71

State 34:
     (70) input ::= T_EQQ *

                             $ reduce 70

State 35:
     (69) input ::= T_EQL *

                             $ reduce 69

State 36:
     (68) input ::= T_EQ *

                             $ reduce 68

State 37:
     (67) input ::= T_EH *

                             $ reduce 67

State 38:
     (66) input ::= T_DSTAR *

                             $ reduce 66

State 39:
     (65) input ::= T_DOT3 *

                             $ reduce 65

State 40:
     (64) input ::= T_DOT2 *

                             $ reduce 64

State 41:
     (63) input ::= T_DOT *

                             $ reduce 63

State 42:
     (62) input ::= T_DIVIDE *

                             $ reduce 62

State 43:
     (61) input ::= T_COMMA *

                             $ reduce 61

State 44:
     (60) input ::= T_COLON3 *

                             $ reduce 60

State 45:
     (59) input ::= T_COLON2 *

                             $ reduce 59

State 46:
     (58) input ::= T_COLON *

                             $ reduce 58

State 47:
     (57) input ::= T_CMP *

                             $ reduce 57

State 48:
     (56) input ::= T_CARET *

                             $ reduce 56

State 49:
     (55) input ::= T_BANG *

                             $ reduce 55

State 50:
     (54) input ::= T_BACK_REF2 *

                             $ reduce 54

State 51:
     (53) input ::= T_ASSOC *

                             $ reduce 53

State 52:
     (52) input ::= T_ASET *

                             $ reduce 52

State 53:
     (51) input ::= T_AREF *

                             $ reduce 51

State 54:
     (50) input ::= T_ANDOP *

                             $ reduce 50

State 55:
     (49) input ::= T_ANDDOT *

                             $ reduce 49

State 56:
     (48) input ::= T_AMPER2 *

                             $ reduce 48

State 57:
     (47) input ::= T_AMPER *

                             $ reduce 47

State 58:
     (46) input ::= K__LINE__ *

                             $ reduce 46

State 59:
     (45) input ::= K__FILE__ *

                             $ reduce 45

State 60:
     (44) input ::= K__ENCODING__ *

                             $ reduce 44

State 61:
     (43) input ::= K_YIELD *

                             $ reduce 43

State 62:
     (42) input ::= K_WHILE_MOD *

                             $ reduce 42

State 63:
     (41) input ::= K_WHILE *

                             $ reduce 41

State 64:
     (40) input ::= K_WHEN *

                             $ reduce 40

State 65:
     (39) input ::= K_UNTIL_MOD *

                             $ reduce 39

State 66:
     (38) input ::= K_UNTIL *

                             $ reduce 38

State 67:
     (37) input ::= K_UNLESS_MOD *

                             $ reduce 37

State 68:
     (36) input ::= K_UNLESS *

                             $ reduce 36

State 69:
     (35) input ::= K_UNDEF *

                             $ reduce 35

State 70:
     (34) input ::= K_TRUE *

                             $ reduce 34

State 71:
     (33) input ::= K_THEN *

                             $ reduce 33

State 72:
     (32) input ::= K_SUPER *

                             $ reduce 32

State 73:
     (31) input ::= K_SELF *

                             $ reduce 31

State 74:
     (30) input ::= K_RETURN *

                             $ reduce 30

State 75:
     (29) input ::= K_RETRY *

                             $ reduce 29

State 76:
     (28) input ::= K_RESCUE_MOD *

                             $ reduce 28

State 77:
     (27) input ::= K_RESCUE *

                             $ reduce 27

State 78:
     (26) input ::= K_REDO *

                             $ reduce 26

State 79:
     (25) input ::= K_OR *

                             $ reduce 25

State 80:
     (24) input ::= K_NOT *

                             $ reduce 24

State 81:
     (23) input ::= K_NIL *

                             $ reduce 23

State 82:
     (22) input ::= K_NEXT *

                             $ reduce 22

State 83:
     (21) input ::= K_MODULE *

                             $ reduce 21

State 84:
     (20) input ::= K_LEND *

                             $ reduce 20

State 85:
     (19) input ::= K_LBEGIN *

                             $ reduce 19

State 86:
     (18) input ::= K_IN *

                             $ reduce 18

State 87:
     (17) input ::= K_IF_MOD *

                             $ reduce 17

State 88:
     (16) input ::= K_IF *

                             $ reduce 16

State 89:
     (15) input ::= K_FOR *

                             $ reduce 15

State 90:
     (14) input ::= K_FALSE *

                             $ reduce 14

State 91:
     (13) input ::= K_ENSURE *

                             $ reduce 13

State 92:
     (12) input ::= K_END *

                             $ reduce 12

State 93:
     (11) input ::= K_ELSIF *

                             $ reduce 11

State 94:
     (10) input ::= K_ELSE *

                             $ reduce 10

State 95:
      (9) input ::= K_DO *

                             $ reduce 9

State 96:
      (8) input ::= K_DEFINED *

                             $ reduce 8

State 97:
      (7) input ::= K_DEF *

                             $ reduce 7

State 98:
      (6) input ::= K_CLASS *

                             $ reduce 6

State 99:
      (5) input ::= K_CASE *

                             $ reduce 5

State 100:
      (4) input ::= K_BREAK *

                             $ reduce 4

State 101:
      (3) input ::= K_BEGIN *

                             $ reduce 3

State 102:
      (2) input ::= K_AND *

                             $ reduce 2

State 103:
      (1) input ::= K_ALIAS *

                             $ reduce 1

State 104:
      (0) input ::= T_INTEGER *

                             $ reduce 0

----------------------------------------------------
Symbols:
    0: $:
    1: T_INTEGER
    2: T_GVAR
    3: T_CONSTANT
    4: T_IDENTIFIER
    5: T_LABLE
    6: T_IVAR
    7: T_FID
    8: K_ALIAS
    9: K_AND
   10: K_BEGIN
   11: K_BREAK
   12: K_CASE
   13: K_CLASS
   14: K_DEF
   15: K_DEFINED
   16: K_DO
   17: K_ELSE
   18: K_ELSIF
   19: K_END
   20: K_ENSURE
   21: K_FALSE
   22: K_FOR
   23: K_IF
   24: K_IF_MOD
   25: K_IN
   26: K_LBEGIN
   27: K_LEND
   28: K_MODULE
   29: K_NEXT
   30: K_NIL
   31: K_NOT
   32: K_OR
   33: K_REDO
   34: K_RESCUE
   35: K_RESCUE_MOD
   36: K_RETRY
   37: K_RETURN
   38: K_SELF
   39: K_SUPER
   40: K_THEN
   41: K_TRUE
   42: K_UNDEF
   43: K_UNLESS
   44: K_UNLESS_MOD
   45: K_UNTIL
   46: K_UNTIL_MOD
   47: K_WHEN
   48: K_WHILE
   49: K_WHILE_MOD
   50: K_YIELD
   51: K__ENCODING__
   52: K__FILE__
   53: K__LINE__
   54: T_AMPER
   55: T_AMPER2
   56: T_ANDDOT
   57: T_ANDOP
   58: T_AREF
   59: T_ASET
   60: T_ASSOC
   61: T_BACK_REF2
   62: T_BANG
   63: T_CARET
   64: T_CMP
   65: T_COLON
   66: T_COLON2
   67: T_COLON3
   68: T_COMMA
   69: T_DIVIDE
   70: T_DOT
   71: T_DOT2
   72: T_DOT3
   73: T_DSTAR
   74: T_EH
   75: T_EQ
   76: T_EQL
   77: T_EQQ
   78: T_GEQ
   79: T_GT
   80: T_LAMBDA
   81: T_LBRACE
   82: T_LBRACE_ARG
   83: T_LBRACK
   84: T_LBRACK2
   85: T_LCURLY
   86: T_LEQ
   87: T_LPAREN
   88: T_LPAREN2
   89: T_LPAREN_ARG
   90: T_LSHFT
   91: T_LT
   92: T_MATCH
   93: T_MINUS
   94: T_NEQ
   95: T_NMATCH
   96: T_OROP
   97: T_PERCENT
   98: T_PIPE
   99: T_PLUS
  100: T_POW
  101: T_RBRACK
  102: T_RCURLY
  103: T_RPAREN
  104: T_RSHFT
  105: T_SEMI
  106: T_STAR
  107: T_STAR2
  108: T_TILDE
  109: T_UMINUS
  110: T_UPLUS
  111: error:
  112: input: T_INTEGER K_ALIAS K_AND K_BEGIN K_BREAK K_CASE K_CLASS K_DEF K_DEFINED K_DO K_ELSE K_ELSIF K_END K_ENSURE K_FALSE K_FOR K_IF K_IF_MOD K_IN K_LBEGIN K_LEND K_MODULE K_NEXT K_NIL K_NOT K_OR K_REDO K_RESCUE K_RESCUE_MOD K_RETRY K_RETURN K_SELF K_SUPER K_THEN K_TRUE K_UNDEF K_UNLESS K_UNLESS_MOD K_UNTIL K_UNTIL_MOD K_WHEN K_WHILE K_WHILE_MOD K_YIELD K__ENCODING__ K__FILE__ K__LINE__ T_AMPER T_AMPER2 T_ANDDOT T_ANDOP T_AREF T_ASET T_ASSOC T_BACK_REF2 T_BANG T_CARET T_CMP T_COLON T_COLON2 T_COLON3 T_COMMA T_DIVIDE T_DOT T_DOT2 T_DOT3 T_DSTAR T_EH T_EQ T_EQL T_EQQ T_GEQ T_GT T_LAMBDA T_LBRACE T_LBRACE_ARG T_LBRACK T_LBRACK2 T_LCURLY T_LEQ T_LPAREN T_LPAREN2 T_LPAREN_ARG T_LSHFT T_LT T_MATCH T_MINUS T_NEQ T_NMATCH T_OROP T_PERCENT T_PIPE T_PLUS T_POW T_RBRACK T_RCURLY T_RPAREN T_RSHFT T_SEMI T_STAR T_STAR2 T_TILDE T_UMINUS T_UPLUS
